<?xml version="1.0" encoding="UTF-8"?>
<testsuite xmlns:xsi="http://www.w3.org/2001/XMLSchema-instance" xsi:noNamespaceSchemaLocation="https://maven.apache.org/surefire/maven-surefire-plugin/xsd/surefire-test-report.xsd" version="3.0.2" name="com.example.locallibrary.LocallibraryApplicationTests" time="8.801" tests="1" errors="0" skipped="0" failures="0">
  <properties>
[...]
</properties>
  <testcase name="contextLoads" classname="com.example.locallibrary.LocallibraryApplicationTests" time="0.661">
    <system-out><![CDATA[17:52:50.696 [main] INFO org.springframework.test.context.support.AnnotationConfigContextLoaderUtils -- Could not detect default configuration classes for test class [com.example.locallibrary.LocallibraryApplicationTests]: LocallibraryApplicationTests does not declare any static, non-private, non-final, nested classes annotated with @Configuration.
17:52:50.894 [main] INFO org.springframework.boot.test.context.SpringBootTestContextBootstrapper -- Found @SpringBootConfiguration com.example.locallibrary.LocallibraryApplication for test class com.example.locallibrary.LocallibraryApplicationTests
17:52:51.280 [main] INFO org.springframework.boot.devtools.restart.RestartApplicationListener -- Restart disabled due to context in which it is running

  .   ____          _            __ _ _
 /\\ / ___'_ __ _ _(_)_ __  __ _ \ \ \ \
( ( )\___ | '_ | '_| | '_ \/ _` | \ \ \ \
 \\/  ___)| |_)| | | | | || (_| |  ) ) ) )
  '  |____| .__|_| |_|_| |_\__, | / / / /
 =========|_|==============|___/=/_/_/_/

 :: Spring Boot ::                (v3.5.0)

2025-08-14T17:52:51.806+09:00  INFO 80788 --- [locallibrary] [           main] c.e.l.LocallibraryApplicationTests       : Starting LocallibraryApplicationTests using Java 24.0.1 with PID 80788 (started by jintaemin in /Users/jintaemin/lecture/Spring/locallibrary)
2025-08-14T17:52:51.808+09:00  INFO 80788 --- [locallibrary] [           main] c.e.l.LocallibraryApplicationTests       : No active profile set, falling back to 1 default profile: "default"
2025-08-14T17:52:53.011+09:00  INFO 80788 --- [locallibrary] [           main] .s.d.r.c.RepositoryConfigurationDelegate : Bootstrapping Spring Data JPA repositories in DEFAULT mode.
2025-08-14T17:52:53.109+09:00  INFO 80788 --- [locallibrary] [           main] .s.d.r.c.RepositoryConfigurationDelegate : Finished Spring Data repository scanning in 82 ms. Found 5 JPA repository interfaces.
2025-08-14T17:52:53.871+09:00  INFO 80788 --- [locallibrary] [           main] o.hibernate.jpa.internal.util.LogHelper  : HHH000204: Processing PersistenceUnitInfo [name: default]
2025-08-14T17:52:53.962+09:00  INFO 80788 --- [locallibrary] [           main] org.hibernate.Version                    : HHH000412: Hibernate ORM core version 6.6.15.Final
2025-08-14T17:52:54.021+09:00  INFO 80788 --- [locallibrary] [           main] o.h.c.internal.RegionFactoryInitiator    : HHH000026: Second-level cache disabled
2025-08-14T17:52:54.493+09:00  INFO 80788 --- [locallibrary] [           main] o.s.o.j.p.SpringPersistenceUnitInfo      : No LoadTimeWeaver setup: ignoring JPA class transformer
2025-08-14T17:52:54.535+09:00  INFO 80788 --- [locallibrary] [           main] com.zaxxer.hikari.HikariDataSource       : HikariPool-1 - Starting...
2025-08-14T17:52:54.871+09:00  INFO 80788 --- [locallibrary] [           main] com.zaxxer.hikari.pool.HikariPool        : HikariPool-1 - Added connection conn0: url=jdbc:h2:file:./testdb user=SA
2025-08-14T17:52:54.874+09:00  INFO 80788 --- [locallibrary] [           main] com.zaxxer.hikari.HikariDataSource       : HikariPool-1 - Start completed.
2025-08-14T17:52:54.926+09:00  WARN 80788 --- [locallibrary] [           main] org.hibernate.orm.deprecation            : HHH90000025: H2Dialect does not need to be specified explicitly using 'hibernate.dialect' (remove the property setting and it will be selected by default)
2025-08-14T17:52:54.956+09:00  INFO 80788 --- [locallibrary] [           main] org.hibernate.orm.connections.pooling    : HHH10001005: Database info:
	Database JDBC URL [Connecting through datasource 'HikariDataSource (HikariPool-1)']
	Database driver: undefined/unknown
	Database version: 2.3.232
	Autocommit mode: undefined/unknown
	Isolation level: undefined/unknown
	Minimum pool size: undefined/unknown
	Maximum pool size: undefined/unknown
Hibernate: create global temporary table HTE_genre(rn_ integer not null, id bigint, name varchar(30), primary key (rn_)) TRANSACTIONAL
Hibernate: create global temporary table HTE_author(birth_date date, death_date date, rn_ integer not null, id bigint, family_name varchar(255), first_name varchar(255), primary key (rn_)) TRANSACTIONAL
Hibernate: create global temporary table HTE_book(rn_ integer not null, author_id bigint, id bigint, summary varchar(10000), isbn varchar(255), title varchar(255), primary key (rn_)) TRANSACTIONAL
Hibernate: create global temporary table HTE_book_instance(due_back date, rn_ integer not null, status tinyint, book_id bigint, id bigint, imprint varchar(255), primary key (rn_)) TRANSACTIONAL
2025-08-14T17:52:56.423+09:00  INFO 80788 --- [locallibrary] [           main] o.h.e.t.j.p.i.JtaPlatformInitiator       : HHH000489: No JTA platform available (set 'hibernate.transaction.jta.platform' to enable JTA platform integration)
Hibernate: drop table if exists author cascade 
Hibernate: drop table if exists book cascade 
Hibernate: drop table if exists book_genre cascade 
Hibernate: drop table if exists book_instance cascade 
Hibernate: drop table if exists genre cascade 
Hibernate: drop sequence if exists author_seq
Hibernate: drop sequence if exists book_instance_seq
Hibernate: drop sequence if exists book_seq
Hibernate: drop sequence if exists genre_seq
Hibernate: create sequence author_seq start with 1 increment by 50
Hibernate: create sequence book_instance_seq start with 1 increment by 50
Hibernate: create sequence book_seq start with 1 increment by 50
Hibernate: create sequence genre_seq start with 1 increment by 50
Hibernate: create table author (birth_date date, death_date date, id bigint not null, family_name varchar(255) not null, first_name varchar(255) not null, primary key (id))
Hibernate: create table book (author_id bigint not null, id bigint not null, summary varchar(10000) not null, isbn varchar(255) not null, title varchar(255) not null, primary key (id))
Hibernate: create table book_genre (book_id bigint not null, genre_id bigint not null, primary key (book_id, genre_id))
Hibernate: create table book_instance (due_back date, status tinyint not null check (status between 0 and 3), book_id bigint not null, id bigint not null, imprint varchar(255), primary key (id))
Hibernate: create table genre (id bigint not null, name varchar(30), primary key (id))
Hibernate: alter table if exists book add constraint FKklnrv3weler2ftkweewlky958 foreign key (author_id) references author
Hibernate: alter table if exists book_genre add constraint FK8l6ops8exmjrlr89hmfow4mmo foreign key (genre_id) references genre
Hibernate: alter table if exists book_genre add constraint FK52evq6pdc5ypanf41bij5u218 foreign key (book_id) references book
Hibernate: alter table if exists book_instance add constraint FKdfrpgm3mt84tphdbc638ggv1y foreign key (book_id) references book
2025-08-14T17:52:56.516+09:00  INFO 80788 --- [locallibrary] [           main] j.LocalContainerEntityManagerFactoryBean : Initialized JPA EntityManagerFactory for persistence unit 'default'
2025-08-14T17:52:57.144+09:00  WARN 80788 --- [locallibrary] [           main] JpaBaseConfiguration$JpaWebConfiguration : spring.jpa.open-in-view is enabled by default. Therefore, database queries may be performed during view rendering. Explicitly configure spring.jpa.open-in-view to disable this warning
2025-08-14T17:52:57.492+09:00  WARN 80788 --- [locallibrary] [           main] o.s.security.core.userdetails.User       : User.withDefaultPasswordEncoder() is considered unsafe for production and is only intended for sample applications.
2025-08-14T17:52:57.659+09:00  INFO 80788 --- [locallibrary] [           main] r$InitializeUserDetailsManagerConfigurer : Global AuthenticationManager configured with UserDetailsService bean with name userDetailsService
2025-08-14T17:52:58.189+09:00  INFO 80788 --- [locallibrary] [           main] o.s.b.a.h2.H2ConsoleAutoConfiguration    : H2 console available at '/h2-console'. Database available at 'jdbc:h2:file:./testdb'
2025-08-14T17:52:58.303+09:00  INFO 80788 --- [locallibrary] [           main] c.e.l.LocallibraryApplicationTests       : Started LocallibraryApplicationTests in 7.044 seconds (process running for 8.853)
Hibernate: select next value for genre_seq
Hibernate: insert into genre (name,id) values (?,?)
2025-08-14T17:52:58.420+09:00  INFO 80788 --- [locallibrary] [           main] com.example.locallibrary.SeedDatabase    : Preloaded genre: com.example.locallibrary.model.Genre@20a533b
Hibernate: select next value for genre_seq
Hibernate: insert into genre (name,id) values (?,?)
2025-08-14T17:52:58.424+09:00  INFO 80788 --- [locallibrary] [           main] com.example.locallibrary.SeedDatabase    : Preloaded genre: com.example.locallibrary.model.Genre@1ffe7c42
Hibernate: insert into genre (name,id) values (?,?)
2025-08-14T17:52:58.426+09:00  INFO 80788 --- [locallibrary] [           main] com.example.locallibrary.SeedDatabase    : Preloaded genre: com.example.locallibrary.model.Genre@1e40edb7
Hibernate: select next value for author_seq
Hibernate: insert into author (birth_date,death_date,family_name,first_name,id) values (?,?,?,?,?)
2025-08-14T17:52:58.431+09:00  INFO 80788 --- [locallibrary] [           main] com.example.locallibrary.SeedDatabase    : Preloaded author: com.example.locallibrary.model.Author@3796ff4
Hibernate: select next value for author_seq
Hibernate: insert into author (birth_date,death_date,family_name,first_name,id) values (?,?,?,?,?)
2025-08-14T17:52:58.433+09:00  INFO 80788 --- [locallibrary] [           main] com.example.locallibrary.SeedDatabase    : Preloaded author: com.example.locallibrary.model.Author@5e352e3a
Hibernate: insert into author (birth_date,death_date,family_name,first_name,id) values (?,?,?,?,?)
2025-08-14T17:52:58.435+09:00  INFO 80788 --- [locallibrary] [           main] com.example.locallibrary.SeedDatabase    : Preloaded author: com.example.locallibrary.model.Author@44252e9b
Hibernate: insert into author (birth_date,death_date,family_name,first_name,id) values (?,?,?,?,?)
2025-08-14T17:52:58.437+09:00  INFO 80788 --- [locallibrary] [           main] com.example.locallibrary.SeedDatabase    : Preloaded author: com.example.locallibrary.model.Author@3ce2c454
Hibernate: insert into author (birth_date,death_date,family_name,first_name,id) values (?,?,?,?,?)
2025-08-14T17:52:58.440+09:00  INFO 80788 --- [locallibrary] [           main] com.example.locallibrary.SeedDatabase    : Preloaded author: com.example.locallibrary.model.Author@465e9090
Hibernate: select next value for book_seq
Hibernate: insert into book (author_id,isbn,summary,title,id) values (?,?,?,?,?)
Hibernate: insert into book_genre (book_id,genre_id) values (?,?)
2025-08-14T17:52:58.465+09:00  INFO 80788 --- [locallibrary] [           main] com.example.locallibrary.SeedDatabase    : Preloaded book: com.example.locallibrary.model.Book@1e1f467f
Hibernate: select next value for book_seq
Hibernate: insert into book (author_id,isbn,summary,title,id) values (?,?,?,?,?)
Hibernate: insert into book_genre (book_id,genre_id) values (?,?)
2025-08-14T17:52:58.487+09:00  INFO 80788 --- [locallibrary] [           main] com.example.locallibrary.SeedDatabase    : Preloaded book: com.example.locallibrary.model.Book@3a917e07
Hibernate: insert into book (author_id,isbn,summary,title,id) values (?,?,?,?,?)
Hibernate: insert into book_genre (book_id,genre_id) values (?,?)
2025-08-14T17:52:58.491+09:00  INFO 80788 --- [locallibrary] [           main] com.example.locallibrary.SeedDatabase    : Preloaded book: com.example.locallibrary.model.Book@71cdde0c
Hibernate: insert into book (author_id,isbn,summary,title,id) values (?,?,?,?,?)
Hibernate: insert into book_genre (book_id,genre_id) values (?,?)
2025-08-14T17:52:58.495+09:00  INFO 80788 --- [locallibrary] [           main] com.example.locallibrary.SeedDatabase    : Preloaded book: com.example.locallibrary.model.Book@38c7ad43
Hibernate: insert into book (author_id,isbn,summary,title,id) values (?,?,?,?,?)
Hibernate: insert into book_genre (book_id,genre_id) values (?,?)
2025-08-14T17:52:58.498+09:00  INFO 80788 --- [locallibrary] [           main] com.example.locallibrary.SeedDatabase    : Preloaded book: com.example.locallibrary.model.Book@4eb43d2f
Hibernate: insert into book (author_id,isbn,summary,title,id) values (?,?,?,?,?)
Hibernate: insert into book_genre (book_id,genre_id) values (?,?)
Hibernate: insert into book_genre (book_id,genre_id) values (?,?)
2025-08-14T17:52:58.502+09:00  INFO 80788 --- [locallibrary] [           main] com.example.locallibrary.SeedDatabase    : Preloaded book: com.example.locallibrary.model.Book@53d94a6b
Hibernate: insert into book (author_id,isbn,summary,title,id) values (?,?,?,?,?)
Hibernate: insert into book_genre (book_id,genre_id) values (?,?)
2025-08-14T17:52:58.506+09:00  INFO 80788 --- [locallibrary] [           main] com.example.locallibrary.SeedDatabase    : Preloaded book: com.example.locallibrary.model.Book@3723de42
Hibernate: select next value for book_instance_seq
Hibernate: insert into book_instance (book_id,due_back,imprint,status,id) values (?,?,?,?,?)
2025-08-14T17:52:58.510+09:00  INFO 80788 --- [locallibrary] [           main] com.example.locallibrary.SeedDatabase    : Preloaded book instance: com.example.locallibrary.model.BookInstance@796687de
Hibernate: select next value for book_instance_seq
Hibernate: insert into book_instance (book_id,due_back,imprint,status,id) values (?,?,?,?,?)
2025-08-14T17:52:58.513+09:00  INFO 80788 --- [locallibrary] [           main] com.example.locallibrary.SeedDatabase    : Preloaded book instance: com.example.locallibrary.model.BookInstance@4faccb34
Hibernate: insert into book_instance (book_id,due_back,imprint,status,id) values (?,?,?,?,?)
2025-08-14T17:52:58.515+09:00  INFO 80788 --- [locallibrary] [           main] com.example.locallibrary.SeedDatabase    : Preloaded book instance: com.example.locallibrary.model.BookInstance@34986491
Hibernate: insert into book_instance (book_id,due_back,imprint,status,id) values (?,?,?,?,?)
2025-08-14T17:52:58.517+09:00  INFO 80788 --- [locallibrary] [           main] com.example.locallibrary.SeedDatabase    : Preloaded book instance: com.example.locallibrary.model.BookInstance@561b4c61
Hibernate: insert into book_instance (book_id,due_back,imprint,status,id) values (?,?,?,?,?)
2025-08-14T17:52:58.519+09:00  INFO 80788 --- [locallibrary] [           main] com.example.locallibrary.SeedDatabase    : Preloaded book instance: com.example.locallibrary.model.BookInstance@2c69ea30
Hibernate: insert into book_instance (book_id,due_back,imprint,status,id) values (?,?,?,?,?)
2025-08-14T17:52:58.522+09:00  INFO 80788 --- [locallibrary] [           main] com.example.locallibrary.SeedDatabase    : Preloaded book instance: com.example.locallibrary.model.BookInstance@22cbbe87
Hibernate: insert into book_instance (book_id,due_back,imprint,status,id) values (?,?,?,?,?)
2025-08-14T17:52:58.526+09:00  INFO 80788 --- [locallibrary] [           main] com.example.locallibrary.SeedDatabase    : Preloaded book instance: com.example.locallibrary.model.BookInstance@6db99c79
Hibernate: insert into book_instance (book_id,due_back,imprint,status,id) values (?,?,?,?,?)
2025-08-14T17:52:58.528+09:00  INFO 80788 --- [locallibrary] [           main] com.example.locallibrary.SeedDatabase    : Preloaded book instance: com.example.locallibrary.model.BookInstance@644f033d
Hibernate: insert into book_instance (book_id,due_back,imprint,status,id) values (?,?,?,?,?)
2025-08-14T17:52:58.531+09:00  INFO 80788 --- [locallibrary] [           main] com.example.locallibrary.SeedDatabase    : Preloaded book instance: com.example.locallibrary.model.BookInstance@5a513627
Hibernate: insert into book_instance (book_id,due_back,imprint,status,id) values (?,?,?,?,?)
2025-08-14T17:52:58.533+09:00  INFO 80788 --- [locallibrary] [           main] com.example.locallibrary.SeedDatabase    : Preloaded book instance: com.example.locallibrary.model.BookInstance@6921ce3f
Hibernate: insert into book_instance (book_id,due_back,imprint,status,id) values (?,?,?,?,?)
2025-08-14T17:52:58.535+09:00  INFO 80788 --- [locallibrary] [           main] com.example.locallibrary.SeedDatabase    : Preloaded book instance: com.example.locallibrary.model.BookInstance@4fe91eed
]]></system-out>
    <system-err><![CDATA[Mockito is currently self-attaching to enable the inline-mock-maker. This will no longer work in future releases of the JDK. Please add Mockito as an agent to your build as described in Mockito's documentation: https://javadoc.io/doc/org.mockito/mockito-core/latest/org.mockito/org/mockito/Mockito.html#0.3
WARNING: A Java agent has been loaded dynamically (/Users/jintaemin/.m2/repository/net/bytebuddy/byte-buddy-agent/1.17.5/byte-buddy-agent-1.17.5.jar)
WARNING: If a serviceability tool is in use, please run with -XX:+EnableDynamicAgentLoading to hide this warning
WARNING: If a serviceability tool is not in use, please run with -Djdk.instrument.traceUsage for more information
WARNING: Dynamic loading of agents will be disallowed by default in a future release
]]></system-err>
  </testcase>
</testsuite>